<?xml version="1.0" encoding="UTF-8"?>
<!-- Generated by org.testng.reporters.JUnitXMLReporter -->
<testsuite ignored="0" hostname="DUSHYs-MacBook-Pro.local" failures="0" tests="2" name="Default test" time="29.724" errors="0" timestamp="2020-04-30T19:57:19 IST">
  <testcase classname="com.mobilePortal.qa.testCases.LoginPageTest" name="validateLoginPage" time="2.897"/>
  <testcase classname="com.mobilePortal.qa.testCases.LoginPageTest" name="validateLogin" time="9.769"/>
</testsuite> <!-- Default test -->
