<?xml version="1.0" encoding="UTF-8"?>
<!-- Generated by org.testng.reporters.JUnitXMLReporter -->
<testsuite ignored="0" hostname="DUSHYs-MacBook-Pro.local" failures="0" tests="2" name="Sanity Test Cases" time="35.017" errors="0" timestamp="2020-04-29T19:50:00 IST">
  <testcase classname="com.mobilePortal.qa.testCases.LoginPageTest" name="validateLoginPage" time="2.757"/>
  <testcase classname="com.mobilePortal.qa.testCases.LoginPageTest" name="validateLogin" time="19.672"/>
</testsuite> <!-- Sanity Test Cases -->
