<?xml version="1.0" encoding="UTF-8"?>
<testng-results ignored="0" total="2" passed="2" failed="0" skipped="0">
  <reporter-output>
  </reporter-output>
  <suite started-at="2020-04-30T19:56:49 IST" name="Default suite" finished-at="2020-04-30T19:57:19 IST" duration-ms="29724">
    <groups>
    </groups>
    <test started-at="2020-04-30T19:56:49 IST" name="Default test" finished-at="2020-04-30T19:57:19 IST" duration-ms="29724">
      <class name="com.mobilePortal.qa.testCases.LoginPageTest">
        <test-method is-config="true" signature="setup()[pri:0, instance:com.mobilePortal.qa.testCases.LoginPageTest@35835fa]" started-at="2020-04-30T19:56:49 IST" name="setup" finished-at="2020-04-30T19:56:58 IST" duration-ms="9572" status="PASS">
          <reporter-output>
          </reporter-output>
        </test-method> <!-- setup -->
        <test-method signature="validateLoginPage()[pri:1, instance:com.mobilePortal.qa.testCases.LoginPageTest@35835fa]" started-at="2020-04-30T19:56:59 IST" name="validateLoginPage" description="Test case description: Verify login page title" finished-at="2020-04-30T19:57:01 IST" duration-ms="2897" status="PASS">
          <reporter-output>
          </reporter-output>
        </test-method> <!-- validateLoginPage -->
        <test-method is-config="true" signature="tearDown()[pri:0, instance:com.mobilePortal.qa.testCases.LoginPageTest@35835fa]" started-at="2020-04-30T19:57:01 IST" name="tearDown" finished-at="2020-04-30T19:57:02 IST" duration-ms="85" status="PASS">
          <reporter-output>
          </reporter-output>
        </test-method> <!-- tearDown -->
        <test-method is-config="true" signature="setup()[pri:0, instance:com.mobilePortal.qa.testCases.LoginPageTest@35835fa]" started-at="2020-04-30T19:57:02 IST" name="setup" finished-at="2020-04-30T19:57:09 IST" duration-ms="7144" status="PASS">
          <reporter-output>
          </reporter-output>
        </test-method> <!-- setup -->
        <test-method signature="validateLogin()[pri:2, instance:com.mobilePortal.qa.testCases.LoginPageTest@35835fa]" started-at="2020-04-30T19:57:09 IST" name="validateLogin" description="Test case description: Login to admin portal and verify it" finished-at="2020-04-30T19:57:18 IST" duration-ms="9769" status="PASS">
          <reporter-output>
          </reporter-output>
        </test-method> <!-- validateLogin -->
        <test-method is-config="true" signature="tearDown()[pri:0, instance:com.mobilePortal.qa.testCases.LoginPageTest@35835fa]" started-at="2020-04-30T19:57:18 IST" name="tearDown" finished-at="2020-04-30T19:57:19 IST" duration-ms="90" status="PASS">
          <reporter-output>
          </reporter-output>
        </test-method> <!-- tearDown -->
      </class> <!-- com.mobilePortal.qa.testCases.LoginPageTest -->
    </test> <!-- Default test -->
  </suite> <!-- Default suite -->
</testng-results>
